#
# There is insufficient memory for the Java Runtime Environment to continue.
# Native memory allocation (malloc) failed to allocate 237376 bytes for Chunk::new
# Possible reasons:
#   The system is out of physical RAM or swap space
#   The process is running with CompressedOops enabled, and the Java Heap may be blocking the growth of the native heap
# Possible solutions:
#   Reduce memory load on the system
#   Increase physical memory or swap space
#   Check if swap backing store is full
#   Decrease Java heap size (-Xmx/-Xms)
#   Decrease number of Java threads
#   Decrease Java thread stack sizes (-Xss)
#   Set larger code cache with -XX:ReservedCodeCacheSize=
#   JVM is running with Zero Based Compressed Oops mode in which the Java heap is
#     placed in the first 32GB address space. The Java Heap base address is the
#     maximum limit for the native heap growth. Please use -XX:HeapBaseMinAddress
#     to set the Java Heap base and to place the Java Heap above 32GB virtual address.
# This output file may be truncated or incomplete.
#
#  Out of Memory Error (arena.cpp:168), pid=20324, tid=9212
#
# JRE version: Java(TM) SE Runtime Environment (21.0.8+12) (build 21.0.8+12-LTS-250)
# Java VM: Java HotSpot(TM) 64-Bit Server VM (21.0.8+12-LTS-250, mixed mode, sharing, tiered, compressed oops, compressed class ptrs, g1 gc, windows-amd64)
# No core dump will be written. Minidumps are not enabled by default on client versions of Windows
#

---------------  S U M M A R Y ------------

Command Line: -javaagent:C:\Program Files\JetBrains\IntelliJ IDEA Community Edition 2025.2\lib\idea_rt.jar=63182 -Dfile.encoding=UTF-8 -Dsun.stdout.encoding=UTF-8 -Dsun.stderr.encoding=UTF-8 com.example.funding.FundingApplication

Host: 12th Gen Intel(R) Core(TM) i7-12700, 20 cores, 15G,  Windows 11 , 64 bit Build 26100 (10.0.26100.5074)
Time: Wed Oct  1 17:42:28 2025  Windows 11 , 64 bit Build 26100 (10.0.26100.5074) elapsed time: 2762.745258 seconds (0d 0h 46m 2s)

---------------  T H R E A D  ---------------

Current thread (0x0000021f7cb3b540):  JavaThread "C2 CompilerThread0" daemon [_thread_in_native, id=9212, stack(0x000000b7e7c00000,0x000000b7e7d00000) (1024K)]


Current CompileTask:
C2:2762745 9332       4       org.springframework.boot.devtools.filewatch.FileSystemWatcher$Watcher::isDifferent (105 bytes)

Stack: [0x000000b7e7c00000,0x000000b7e7d00000]
Native frames: (J=compiled Java code, j=interpreted, Vv=VM code, C=native code)
V  [jvm.dll+0x6cc179]
V  [jvm.dll+0x8584c1]
V  [jvm.dll+0x85a9ee]
V  [jvm.dll+0x85b0c3]
V  [jvm.dll+0x27ebf6]
V  [jvm.dll+0xc4f4d]
V  [jvm.dll+0xc5483]
V  [jvm.dll+0x2f209d]
V  [jvm.dll+0x5f6daa]
V  [jvm.dll+0x250702]
V  [jvm.dll+0x24906f]
V  [jvm.dll+0x246b44]
V  [jvm.dll+0x1c7a3e]
V  [jvm.dll+0x256359]
V  [jvm.dll+0x2548ea]
V  [jvm.dll+0x3efef6]
V  [jvm.dll+0x80279b]
V  [jvm.dll+0x6ca85d]
C  [ucrtbase.dll+0x37b0]
C  [KERNEL32.DLL+0x2e8d7]
C  [ntdll.dll+0x8d9c]


---------------  P R O C E S S  ---------------

Threads class SMR info:
_java_thread_list=0x0000021f7f3abe40, length=35, elements={
0x0000021f7cb241d0, 0x0000021f7cb26150, 0x0000021f7cb2c180, 0x0000021f7cb2efb0,
0x0000021f7cb32aa0, 0x0000021f7cb37b20, 0x0000021f7cb3b540, 0x0000021f7cb3cb40,
0x0000021f7cf44860, 0x0000021f7d1debe0, 0x0000021f7d1df240, 0x0000021f45476740,
0x0000021f4780f330, 0x0000021f454926e0, 0x0000021f45492d70, 0x0000021f45494120,
0x0000021f45493400, 0x0000021f454947b0, 0x0000021f454919c0, 0x0000021f4816c110,
0x0000021f4816e870, 0x0000021f4816ce30, 0x0000021f4816db50, 0x0000021f4816f590,
0x0000021f4816d4c0, 0x0000021f481702b0, 0x0000021f4816fc20, 0x0000021f4816e1e0,
0x0000021f48170940, 0x0000021f48172380, 0x0000021f48170fd0, 0x0000021f4816ef00,
0x0000021f48172a10, 0x0000021f48171660, 0x0000021f481730a0
}

Java Threads: ( => current thread )
  0x0000021f7cb241d0 JavaThread "Reference Handler"          daemon [_thread_blocked, id=2936, stack(0x000000b7e7600000,0x000000b7e7700000) (1024K)]
  0x0000021f7cb26150 JavaThread "Finalizer"                  daemon [_thread_blocked, id=13228, stack(0x000000b7e7700000,0x000000b7e7800000) (1024K)]
  0x0000021f7cb2c180 JavaThread "Signal Dispatcher"          daemon [_thread_blocked, id=12256, stack(0x000000b7e7800000,0x000000b7e7900000) (1024K)]
  0x0000021f7cb2efb0 JavaThread "Attach Listener"            daemon [_thread_blocked, id=14996, stack(0x000000b7e7900000,0x000000b7e7a00000) (1024K)]
  0x0000021f7cb32aa0 JavaThread "Service Thread"             daemon [_thread_blocked, id=10192, stack(0x000000b7e7a00000,0x000000b7e7b00000) (1024K)]
  0x0000021f7cb37b20 JavaThread "Monitor Deflation Thread"   daemon [_thread_blocked, id=9708, stack(0x000000b7e7b00000,0x000000b7e7c00000) (1024K)]
=>0x0000021f7cb3b540 JavaThread "C2 CompilerThread0"         daemon [_thread_in_native, id=9212, stack(0x000000b7e7c00000,0x000000b7e7d00000) (1024K)]
  0x0000021f7cb3cb40 JavaThread "C1 CompilerThread0"         daemon [_thread_blocked, id=7640, stack(0x000000b7e7d00000,0x000000b7e7e00000) (1024K)]
  0x0000021f7cf44860 JavaThread "Common-Cleaner"             daemon [_thread_blocked, id=19540, stack(0x000000b7e7f00000,0x000000b7e8000000) (1024K)]
  0x0000021f7d1debe0 JavaThread "Monitor Ctrl-Break"         daemon [_thread_in_native, id=6640, stack(0x000000b7e8400000,0x000000b7e8500000) (1024K)]
  0x0000021f7d1df240 JavaThread "Notification Thread"        daemon [_thread_blocked, id=2060, stack(0x000000b7e8500000,0x000000b7e8600000) (1024K)]
  0x0000021f45476740 JavaThread "Catalina-utility-1"                [_thread_blocked, id=13016, stack(0x000000b7e9b00000,0x000000b7e9c00000) (1024K)]
  0x0000021f4780f330 JavaThread "Catalina-utility-2"                [_thread_blocked, id=2440, stack(0x000000b7e9c00000,0x000000b7e9d00000) (1024K)]
  0x0000021f454926e0 JavaThread "container-0"                       [_thread_blocked, id=12964, stack(0x000000b7e9d00000,0x000000b7e9e00000) (1024K)]
  0x0000021f45492d70 JavaThread "oracle.jdbc.diagnostics.Diagnostic.CLOCK" daemon [_thread_blocked, id=8520, stack(0x000000b7ea000000,0x000000b7ea100000) (1024K)]
  0x0000021f45494120 JavaThread "oracle.jdbc.driver.BlockSource.ThreadedCachingBlockSource.BlockReleaser" daemon [_thread_blocked, id=10628, stack(0x000000b7ea100000,0x000000b7ea200000) (1024K)]
  0x0000021f45493400 JavaThread "InterruptTimer"             daemon [_thread_blocked, id=12236, stack(0x000000b7ea300000,0x000000b7ea400000) (1024K)]
  0x0000021f454947b0 JavaThread "HikariPool-1:housekeeper"   daemon [_thread_blocked, id=7164, stack(0x000000b7ea500000,0x000000b7ea600000) (1024K)]
  0x0000021f454919c0 JavaThread "File Watcher"               daemon [_thread_blocked, id=15236, stack(0x000000b7ea700000,0x000000b7ea800000) (1024K)]
  0x0000021f4816c110 JavaThread "Live Reload Server"         daemon [_thread_in_native, id=15864, stack(0x000000b7ea900000,0x000000b7eaa00000) (1024K)]
  0x0000021f4816e870 JavaThread "http-nio-9099-exec-1"       daemon [_thread_blocked, id=6636, stack(0x000000b7ea800000,0x000000b7ea900000) (1024K)]
  0x0000021f4816ce30 JavaThread "http-nio-9099-exec-2"       daemon [_thread_blocked, id=19112, stack(0x000000b7eaa00000,0x000000b7eab00000) (1024K)]
  0x0000021f4816db50 JavaThread "http-nio-9099-exec-3"       daemon [_thread_blocked, id=18052, stack(0x000000b7eab00000,0x000000b7eac00000) (1024K)]
  0x0000021f4816f590 JavaThread "http-nio-9099-exec-4"       daemon [_thread_blocked, id=6628, stack(0x000000b7eac00000,0x000000b7ead00000) (1024K)]
  0x0000021f4816d4c0 JavaThread "http-nio-9099-exec-5"       daemon [_thread_blocked, id=7952, stack(0x000000b7ead00000,0x000000b7eae00000) (1024K)]
  0x0000021f481702b0 JavaThread "http-nio-9099-exec-6"       daemon [_thread_blocked, id=10780, stack(0x000000b7eae00000,0x000000b7eaf00000) (1024K)]
  0x0000021f4816fc20 JavaThread "http-nio-9099-exec-7"       daemon [_thread_blocked, id=15988, stack(0x000000b7eaf00000,0x000000b7eb000000) (1024K)]
  0x0000021f4816e1e0 JavaThread "http-nio-9099-exec-8"       daemon [_thread_blocked, id=15712, stack(0x000000b7eb000000,0x000000b7eb100000) (1024K)]
  0x0000021f48170940 JavaThread "http-nio-9099-exec-9"       daemon [_thread_blocked, id=5420, stack(0x000000b7eb100000,0x000000b7eb200000) (1024K)]
  0x0000021f48172380 JavaThread "http-nio-9099-exec-10"      daemon [_thread_blocked, id=17264, stack(0x000000b7eb200000,0x000000b7eb300000) (1024K)]
  0x0000021f48170fd0 JavaThread "http-nio-9099-Poller"       daemon [_thread_in_native, id=3984, stack(0x000000b7eb300000,0x000000b7eb400000) (1024K)]
  0x0000021f4816ef00 JavaThread "http-nio-9099-Acceptor"     daemon [_thread_in_native, id=6444, stack(0x000000b7eb400000,0x000000b7eb500000) (1024K)]
  0x0000021f48172a10 JavaThread "scheduling-1"                      [_thread_blocked, id=15484, stack(0x000000b7eb500000,0x000000b7eb600000) (1024K)]
  0x0000021f48171660 JavaThread "DestroyJavaVM"                     [_thread_blocked, id=8304, stack(0x000000b7e6e00000,0x000000b7e6f00000) (1024K)]
  0x0000021f481730a0 JavaThread "scheduling-2"                      [_thread_blocked, id=12500, stack(0x000000b7e6b00000,0x000000b7e6c00000) (1024K)]
Total: 35

Other Threads:
  0x0000021f7cb04800 VMThread "VM Thread"                           [id=18676, stack(0x000000b7e7500000,0x000000b7e7600000) (1024K)]
  0x0000021f7caefa80 WatcherThread "VM Periodic Task Thread"        [id=12232, stack(0x000000b7e7400000,0x000000b7e7500000) (1024K)]
  0x0000021f5cc9d250 WorkerThread "GC Thread#0"                     [id=11248, stack(0x000000b7e6f00000,0x000000b7e7000000) (1024K)]
  0x0000021f7dc7d5c0 WorkerThread "GC Thread#1"                     [id=16852, stack(0x000000b7e8800000,0x000000b7e8900000) (1024K)]
  0x0000021f7dc7dd70 WorkerThread "GC Thread#2"                     [id=19596, stack(0x000000b7e8900000,0x000000b7e8a00000) (1024K)]
  0x0000021f7dc7e110 WorkerThread "GC Thread#3"                     [id=13664, stack(0x000000b7e8a00000,0x000000b7e8b00000) (1024K)]
  0x0000021f7dc7e6c0 WorkerThread "GC Thread#4"                     [id=8812, stack(0x000000b7e8b00000,0x000000b7e8c00000) (1024K)]
  0x0000021f7dc7ec70 WorkerThread "GC Thread#5"                     [id=17900, stack(0x000000b7e8c00000,0x000000b7e8d00000) (1024K)]
  0x0000021f7dde6e60 WorkerThread "GC Thread#6"                     [id=17564, stack(0x000000b7e8e00000,0x000000b7e8f00000) (1024K)]
  0x0000021f7dde8420 WorkerThread "GC Thread#7"                     [id=13416, stack(0x000000b7e8f00000,0x000000b7e9000000) (1024K)]
  0x0000021f7dde7200 WorkerThread "GC Thread#8"                     [id=17524, stack(0x000000b7e9000000,0x000000b7e9100000) (1024K)]
  0x0000021f7dde7ce0 WorkerThread "GC Thread#9"                     [id=12068, stack(0x000000b7e9100000,0x000000b7e9200000) (1024K)]
  0x0000021f7ebf7f00 WorkerThread "GC Thread#10"                    [id=10428, stack(0x000000b7e9200000,0x000000b7e9300000) (1024K)]
  0x0000021f7ebf7080 WorkerThread "GC Thread#11"                    [id=14380, stack(0x000000b7e9300000,0x000000b7e9400000) (1024K)]
  0x0000021f7ebf77c0 WorkerThread "GC Thread#12"                    [id=20224, stack(0x000000b7e9400000,0x000000b7e9500000) (1024K)]
  0x0000021f7ebf65a0 WorkerThread "GC Thread#13"                    [id=14108, stack(0x000000b7e9500000,0x000000b7e9600000) (1024K)]
  0x0000021f7ebf7b60 WorkerThread "GC Thread#14"                    [id=16012, stack(0x000000b7e9600000,0x000000b7e9700000) (1024K)]
  0x0000021f5ccaf520 ConcurrentGCThread "G1 Main Marker"            [id=20352, stack(0x000000b7e7000000,0x000000b7e7100000) (1024K)]
  0x0000021f5ccb07c0 WorkerThread "G1 Conc#0"                       [id=5452, stack(0x000000b7e7100000,0x000000b7e7200000) (1024K)]
  0x0000021f7ebf82a0 WorkerThread "G1 Conc#1"                       [id=12880, stack(0x000000b7e9700000,0x000000b7e9800000) (1024K)]
  0x0000021f7ebf8640 WorkerThread "G1 Conc#2"                       [id=15204, stack(0x000000b7e9800000,0x000000b7e9900000) (1024K)]
  0x0000021f7ebf6ce0 WorkerThread "G1 Conc#3"                       [id=10756, stack(0x000000b7e9900000,0x000000b7e9a00000) (1024K)]
  0x0000021f7c9beef0 ConcurrentGCThread "G1 Refine#0"               [id=476, stack(0x000000b7e7200000,0x000000b7e7300000) (1024K)]
  0x0000021f7c9bfa60 ConcurrentGCThread "G1 Service"                [id=16748, stack(0x000000b7e7300000,0x000000b7e7400000) (1024K)]
Total: 24

Threads with active compile tasks:
C2 CompilerThread0  2762760 9332       4       org.springframework.boot.devtools.filewatch.FileSystemWatcher$Watcher::isDifferent (105 bytes)
Total: 1

VM state: not at safepoint (normal execution)

VM Mutex/Monitor currently owned by a thread: None

Heap address: 0x0000000703a00000, size: 4038 MB, Compressed Oops mode: Zero based, Oop shift amount: 3

CDS archive(s) mapped at: [0x0000021f00000000-0x0000021f00c90000-0x0000021f00c90000), size 13172736, SharedBaseAddress: 0x0000021f00000000, ArchiveRelocationMode: 1.
Compressed class space mapped at: 0x0000021f01000000-0x0000021f41000000, reserved size: 1073741824
Narrow klass base: 0x0000021f00000000, Narrow klass shift: 0, Narrow klass range: 0x100000000

GC Precious Log:
 CardTable entry size: 512
 Card Set container configuration: InlinePtr #cards 4 size 8 Array Of Cards #cards 16 size 48 Howl #buckets 8 coarsen threshold 3686 Howl Bitmap #cards 512 size 80 coarsen threshold 460 Card regions per heap region 1 cards per card region 4096
 CPUs: 20 total, 20 available
 Memory: 16147M
 Large Page Support: Disabled
 NUMA Support: Disabled
 Compressed Oops: Enabled (Zero based)
 Heap Region Size: 2M
 Heap Min Capacity: 8M
 Heap Initial Capacity: 254M
 Heap Max Capacity: 4038M
 Pre-touch: Disabled
 Parallel Workers: 15
 Concurrent Workers: 4
 Concurrent Refinement Workers: 15
 Periodic GC: Disabled

Heap:
 garbage-first heap   total 96256K, used 55269K [0x0000000703a00000, 0x0000000800000000)
  region size 2048K, 15 young (30720K), 2 survivors (4096K)
 Metaspace       used 63614K, committed 64384K, reserved 1114112K
  class space    used 7900K, committed 8256K, reserved 1048576K

Heap Regions: E=young(eden), S=young(survivor), O=old, HS=humongous(starts), HC=humongous(continues), CS=collection set, F=free, TAMS=top-at-mark-start, PB=parsable bottom
|   0|0x0000000703a00000, 0x0000000703c00000, 0x0000000703c00000|100%| O|  |TAMS 0x0000000703a00000| PB 0x0000000703a00000| Untracked 
|   1|0x0000000703c00000, 0x0000000703e00000, 0x0000000703e00000|100%| O|  |TAMS 0x0000000703c00000| PB 0x0000000703c00000| Untracked 
|   2|0x0000000703e00000, 0x0000000704000000, 0x0000000704000000|100%| O|  |TAMS 0x0000000703e00000| PB 0x0000000703e00000| Untracked 
|   3|0x0000000704000000, 0x0000000704200000, 0x0000000704200000|100%| O|  |TAMS 0x0000000704000000| PB 0x0000000704000000| Untracked 
|   4|0x0000000704200000, 0x0000000704400000, 0x0000000704400000|100%| O|  |TAMS 0x0000000704200000| PB 0x0000000704200000| Untracked 
|   5|0x0000000704400000, 0x0000000704600000, 0x0000000704600000|100%| O|  |TAMS 0x0000000704400000| PB 0x0000000704400000| Untracked 
|   6|0x0000000704600000, 0x0000000704800000, 0x0000000704800000|100%| O|  |TAMS 0x0000000704600000| PB 0x0000000704600000| Untracked 
|   7|0x0000000704800000, 0x0000000704a00000, 0x0000000704a00000|100%| O|  |TAMS 0x0000000704800000| PB 0x0000000704800000| Untracked 
|   8|0x0000000704a00000, 0x0000000704a00000, 0x0000000704c00000|  0%| F|  |TAMS 0x0000000704a00000| PB 0x0000000704a00000| Untracked 
|   9|0x0000000704c00000, 0x0000000704df1ae0, 0x0000000704e00000| 97%| O|  |TAMS 0x0000000704c00000| PB 0x0000000704c00000| Untracked 
|  10|0x0000000704e00000, 0x0000000705000000, 0x0000000705000000|100%| O|  |TAMS 0x0000000704e00000| PB 0x0000000704e00000| Untracked 
|  11|0x0000000705000000, 0x0000000705200000, 0x0000000705200000|100%| O|  |TAMS 0x0000000705000000| PB 0x0000000705000000| Untracked 
|  12|0x0000000705200000, 0x0000000705400000, 0x0000000705400000|100%| O|Cm|TAMS 0x0000000705200000| PB 0x0000000705200000| Complete 
|  13|0x0000000705400000, 0x0000000705600000, 0x0000000705600000|100%| O|  |TAMS 0x0000000705400000| PB 0x0000000705400000| Untracked 
|  14|0x0000000705600000, 0x0000000705600000, 0x0000000705800000|  0%| F|  |TAMS 0x0000000705600000| PB 0x0000000705600000| Untracked 
|  15|0x0000000705800000, 0x0000000705a00000, 0x0000000705a00000|100%| O|  |TAMS 0x0000000705800000| PB 0x0000000705800000| Untracked 
|  16|0x0000000705a00000, 0x0000000705a00000, 0x0000000705c00000|  0%| F|  |TAMS 0x0000000705a00000| PB 0x0000000705a00000| Untracked 
|  17|0x0000000705c00000, 0x0000000705c00000, 0x0000000705e00000|  0%| F|  |TAMS 0x0000000705c00000| PB 0x0000000705c00000| Untracked 
|  18|0x0000000705e00000, 0x0000000705e00000, 0x0000000706000000|  0%| F|  |TAMS 0x0000000705e00000| PB 0x0000000705e00000| Untracked 
|  19|0x0000000706000000, 0x0000000706007970, 0x0000000706200000|  1%| S|CS|TAMS 0x0000000706000000| PB 0x0000000706000000| Complete 
|  20|0x0000000706200000, 0x0000000706400000, 0x0000000706400000|100%| S|CS|TAMS 0x0000000706200000| PB 0x0000000706200000| Complete 
|  21|0x0000000706400000, 0x0000000706400000, 0x0000000706600000|  0%| F|  |TAMS 0x0000000706400000| PB 0x0000000706400000| Untracked 
|  22|0x0000000706600000, 0x0000000706600000, 0x0000000706800000|  0%| F|  |TAMS 0x0000000706600000| PB 0x0000000706600000| Untracked 
|  23|0x0000000706800000, 0x0000000706800000, 0x0000000706a00000|  0%| F|  |TAMS 0x0000000706800000| PB 0x0000000706800000| Untracked 
|  24|0x0000000706a00000, 0x0000000706a00000, 0x0000000706c00000|  0%| F|  |TAMS 0x0000000706a00000| PB 0x0000000706a00000| Untracked 
|  25|0x0000000706c00000, 0x0000000706c00000, 0x0000000706e00000|  0%| F|  |TAMS 0x0000000706c00000| PB 0x0000000706c00000| Untracked 
|  26|0x0000000706e00000, 0x0000000706e00000, 0x0000000707000000|  0%| F|  |TAMS 0x0000000706e00000| PB 0x0000000706e00000| Untracked 
|  27|0x0000000707000000, 0x0000000707000000, 0x0000000707200000|  0%| F|  |TAMS 0x0000000707000000| PB 0x0000000707000000| Untracked 
|  28|0x0000000707200000, 0x0000000707200000, 0x0000000707400000|  0%| F|  |TAMS 0x0000000707200000| PB 0x0000000707200000| Untracked 
|  29|0x0000000707400000, 0x0000000707400000, 0x0000000707600000|  0%| F|  |TAMS 0x0000000707400000| PB 0x0000000707400000| Untracked 
|  30|0x0000000707600000, 0x0000000707600000, 0x0000000707800000|  0%| F|  |TAMS 0x0000000707600000| PB 0x0000000707600000| Untracked 
|  31|0x0000000707800000, 0x0000000707800000, 0x0000000707a00000|  0%| F|  |TAMS 0x0000000707800000| PB 0x0000000707800000| Untracked 
|  32|0x0000000707a00000, 0x0000000707a00000, 0x0000000707c00000|  0%| F|  |TAMS 0x0000000707a00000| PB 0x0000000707a00000| Untracked 
|  33|0x0000000707c00000, 0x0000000707c00000, 0x0000000707e00000|  0%| F|  |TAMS 0x0000000707c00000| PB 0x0000000707c00000| Untracked 
|  34|0x0000000707e00000, 0x0000000707ff8af8, 0x0000000708000000| 98%| E|  |TAMS 0x0000000707e00000| PB 0x0000000707e00000| Complete 
|  35|0x0000000708000000, 0x0000000708200000, 0x0000000708200000|100%| E|CS|TAMS 0x0000000708000000| PB 0x0000000708000000| Complete 
|  36|0x0000000708200000, 0x0000000708400000, 0x0000000708400000|100%| E|CS|TAMS 0x0000000708200000| PB 0x0000000708200000| Complete 
|  37|0x0000000708400000, 0x0000000708600000, 0x0000000708600000|100%| E|CS|TAMS 0x0000000708400000| PB 0x0000000708400000| Complete 
|  38|0x0000000708600000, 0x0000000708800000, 0x0000000708800000|100%| E|CS|TAMS 0x0000000708600000| PB 0x0000000708600000| Complete 
|  39|0x0000000708800000, 0x0000000708a00000, 0x0000000708a00000|100%| E|CS|TAMS 0x0000000708800000| PB 0x0000000708800000| Complete 
|  40|0x0000000708a00000, 0x0000000708c00000, 0x0000000708c00000|100%| E|CS|TAMS 0x0000000708a00000| PB 0x0000000708a00000| Complete 
|  41|0x0000000708c00000, 0x0000000708e00000, 0x0000000708e00000|100%| E|CS|TAMS 0x0000000708c00000| PB 0x0000000708c00000| Complete 
| 100|0x0000000710200000, 0x0000000710400000, 0x0000000710400000|100%| E|CS|TAMS 0x0000000710200000| PB 0x0000000710200000| Complete 
| 101|0x0000000710400000, 0x0000000710600000, 0x0000000710600000|100%| E|CS|TAMS 0x0000000710400000| PB 0x0000000710400000| Complete 
| 102|0x0000000710600000, 0x0000000710800000, 0x0000000710800000|100%| E|CS|TAMS 0x0000000710600000| PB 0x0000000710600000| Complete 
| 103|0x0000000710800000, 0x0000000710a00000, 0x0000000710a00000|100%| E|CS|TAMS 0x0000000710800000| PB 0x0000000710800000| Complete 
| 126|0x0000000713600000, 0x0000000713800000, 0x0000000713800000|100%| E|CS|TAMS 0x0000000713600000| PB 0x0000000713600000| Complete 

Card table byte_map: [0x0000021f75350000,0x0000021f75b40000] _byte_map_base: 0x0000021f71b33000

Marking Bits: (CMBitMap*) 0x0000021f5cc9d950
 Bits: [0x0000021f75b40000, 0x0000021f79a58000)

Polling page: 0x0000021f5adc0000

Metaspace:

Usage:
  Non-class:     54.41 MB used.
      Class:      7.72 MB used.
       Both:     62.12 MB used.

Virtual space:
  Non-class space:       64.00 MB reserved,      54.81 MB ( 86%) committed,  1 nodes.
      Class space:        1.00 GB reserved,       8.06 MB ( <1%) committed,  1 nodes.
             Both:        1.06 GB reserved,      62.88 MB (  6%) committed. 

Chunk freelists:
   Non-Class:  9.14 MB
       Class:  7.88 MB
        Both:  17.02 MB

MaxMetaspaceSize: unlimited
CompressedClassSpaceSize: 1.00 GB
Initial GC threshold: 21.00 MB
Current GC threshold: 104.62 MB
CDS: on
 - commit_granule_bytes: 65536.
 - commit_granule_words: 8192.
 - virtual_space_node_default_size: 8388608.
 - enlarge_chunks_in_place: 1.
 - use_allocation_guard: 0.


Internal statistics:

num_allocs_failed_limit: 9.
num_arena_births: 1108.
num_arena_deaths: 22.
num_vsnodes_births: 2.
num_vsnodes_deaths: 0.
num_space_committed: 1006.
num_space_uncommitted: 0.
num_chunks_returned_to_freelist: 41.
num_chunks_taken_from_freelist: 3413.
num_chunk_merges: 12.
num_chunk_splits: 2320.
num_chunks_enlarged: 1654.
num_inconsistent_stats: 0.

CodeHeap 'non-profiled nmethods': size=119168Kb used=2980Kb max_used=5751Kb free=116187Kb
 bounds [0x0000021f6cc60000, 0x0000021f6d200000, 0x0000021f740c0000]
CodeHeap 'profiled nmethods': size=119104Kb used=8217Kb max_used=15830Kb free=110886Kb
 bounds [0x0000021f650c0000, 0x0000021f66050000, 0x0000021f6c510000]
CodeHeap 'non-nmethods': size=7488Kb used=1688Kb max_used=3352Kb free=5799Kb
 bounds [0x0000021f6c510000, 0x0000021f6c870000, 0x0000021f6cc60000]
 total_blobs=4889 nmethods=4168 adapters=624
 compilation: enabled
              stopped_count=0, restarted_count=0
 full_count=0

Compilation events (20 events):
Event: 2749.610 Thread 0x0000021f467ca5d0 nmethod 9322 0x0000021f65af5910 code [0x0000021f65af5ac0, 0x0000021f65af5ce0]
Event: 2749.610 Thread 0x0000021f467c9f00 9323       3       java.lang.invoke.DirectMethodHandle$Holder::invokeVirtual (14 bytes)
Event: 2749.611 Thread 0x0000021f467c9f00 nmethod 9323 0x0000021f65f82310 code [0x0000021f65f824e0, 0x0000021f65f829f0]
Event: 2749.611 Thread 0x0000021f467ca5d0 9324       3       com.fasterxml.jackson.core.json.UTF8JsonGenerator::_verifyValueWrite (143 bytes)
Event: 2749.611 Thread 0x0000021f7cb3cb40 9325       3       com.fasterxml.jackson.core.json.JsonWriteContext::writeValue (90 bytes)
Event: 2749.611 Thread 0x0000021f7cb3cb40 nmethod 9325 0x0000021f65fe3590 code [0x0000021f65fe3760, 0x0000021f65fe3ab0]
Event: 2749.611 Thread 0x0000021f7cb3cb40 9326       3       com.fasterxml.jackson.databind.ser.BeanPropertyWriter::serializeAsField (233 bytes)
Event: 2749.611 Thread 0x0000021f467ca5d0 nmethod 9324 0x0000021f651fb890 code [0x0000021f651fbae0, 0x0000021f651fc310]
Event: 2749.611 Thread 0x0000021f467ca5d0 9327       3       com.fasterxml.jackson.core.json.UTF8JsonGenerator::writeFieldName (202 bytes)
Event: 2749.612 Thread 0x0000021f467ca5d0 nmethod 9327 0x0000021f65486b10 code [0x0000021f65486dc0, 0x0000021f65487900]
Event: 2749.612 Thread 0x0000021f467ca5d0 9329       3       com.fasterxml.jackson.core.io.SerializedString::appendQuotedUTF8 (52 bytes)
Event: 2749.612 Thread 0x0000021f467c9f00 9328       3       com.fasterxml.jackson.core.json.JsonWriteContext::writeFieldName (56 bytes)
Event: 2749.612 Thread 0x0000021f7cb3cb40 nmethod 9326 0x0000021f652c4a10 code [0x0000021f652c4e00, 0x0000021f652c6770]
Event: 2749.612 Thread 0x0000021f467ca5d0 nmethod 9329 0x0000021f65f8e510 code [0x0000021f65f8e6e0, 0x0000021f65f8ea58]
Event: 2749.612 Thread 0x0000021f467c9f00 nmethod 9328 0x0000021f65929210 code [0x0000021f659293e0, 0x0000021f659296f8]
Event: 2753.766 Thread 0x0000021f7cb3cb40 9330       3       com.zaxxer.hikari.util.ConcurrentBag::reserve (10 bytes)
Event: 2753.767 Thread 0x0000021f7cb3cb40 nmethod 9330 0x0000021f65977490 code [0x0000021f65977640, 0x0000021f65977848]
Event: 2759.265 Thread 0x0000021f7cb3b540 9331       4       org.springframework.boot.devtools.filewatch.DirectorySnapshot::<init> (70 bytes)
Event: 2759.270 Thread 0x0000021f7cb3b540 nmethod 9331 0x0000021f6ccc3010 code [0x0000021f6ccc3240, 0x0000021f6ccc3ca8]
Event: 2760.682 Thread 0x0000021f7cb3b540 9332       4       org.springframework.boot.devtools.filewatch.FileSystemWatcher$Watcher::isDifferent (105 bytes)

GC Heap History (20 events):
Event: 761.399 GC heap before
{Heap before GC invocations=19 (full 0):
 garbage-first heap   total 79872K, used 70786K [0x0000000703a00000, 0x0000000800000000)
  region size 2048K, 20 young (40960K), 1 survivors (2048K)
 Metaspace       used 63003K, committed 63744K, reserved 1114112K
  class space    used 7899K, committed 8256K, reserved 1048576K
}
Event: 761.401 GC heap after
{Heap after GC invocations=20 (full 0):
 garbage-first heap   total 79872K, used 31840K [0x0000000703a00000, 0x0000000800000000)
  region size 2048K, 1 young (2048K), 1 survivors (2048K)
 Metaspace       used 63003K, committed 63744K, reserved 1114112K
  class space    used 7899K, committed 8256K, reserved 1048576K
}
Event: 936.032 GC heap before
{Heap before GC invocations=20 (full 0):
 garbage-first heap   total 79872K, used 70752K [0x0000000703a00000, 0x0000000800000000)
  region size 2048K, 20 young (40960K), 1 survivors (2048K)
 Metaspace       used 63011K, committed 63744K, reserved 1114112K
  class space    used 7899K, committed 8256K, reserved 1048576K
}
Event: 936.034 GC heap after
{Heap after GC invocations=21 (full 0):
 garbage-first heap   total 79872K, used 31376K [0x0000000703a00000, 0x0000000800000000)
  region size 2048K, 1 young (2048K), 1 survivors (2048K)
 Metaspace       used 63011K, committed 63744K, reserved 1114112K
  class space    used 7899K, committed 8256K, reserved 1048576K
}
Event: 1112.228 GC heap before
{Heap before GC invocations=21 (full 0):
 garbage-first heap   total 79872K, used 70288K [0x0000000703a00000, 0x0000000800000000)
  region size 2048K, 20 young (40960K), 1 survivors (2048K)
 Metaspace       used 63016K, committed 63744K, reserved 1114112K
  class space    used 7899K, committed 8256K, reserved 1048576K
}
Event: 1112.231 GC heap after
{Heap after GC invocations=22 (full 0):
 garbage-first heap   total 79872K, used 31389K [0x0000000703a00000, 0x0000000800000000)
  region size 2048K, 1 young (2048K), 1 survivors (2048K)
 Metaspace       used 63016K, committed 63744K, reserved 1114112K
  class space    used 7899K, committed 8256K, reserved 1048576K
}
Event: 1283.939 GC heap before
{Heap before GC invocations=23 (full 0):
 garbage-first heap   total 79872K, used 70301K [0x0000000703a00000, 0x0000000800000000)
  region size 2048K, 20 young (40960K), 1 survivors (2048K)
 Metaspace       used 63026K, committed 63808K, reserved 1114112K
  class space    used 7899K, committed 8256K, reserved 1048576K
}
Event: 1283.941 GC heap after
{Heap after GC invocations=24 (full 0):
 garbage-first heap   total 96256K, used 31398K [0x0000000703a00000, 0x0000000800000000)
  region size 2048K, 1 young (2048K), 1 survivors (2048K)
 Metaspace       used 63026K, committed 63808K, reserved 1114112K
  class space    used 7899K, committed 8256K, reserved 1048576K
}
Event: 1530.550 GC heap before
{Heap before GC invocations=24 (full 0):
 garbage-first heap   total 96256K, used 86694K [0x0000000703a00000, 0x0000000800000000)
  region size 2048K, 28 young (57344K), 1 survivors (2048K)
 Metaspace       used 63051K, committed 63872K, reserved 1114112K
  class space    used 7899K, committed 8256K, reserved 1048576K
}
Event: 1530.554 GC heap after
{Heap after GC invocations=25 (full 0):
 garbage-first heap   total 96256K, used 31029K [0x0000000703a00000, 0x0000000800000000)
  region size 2048K, 1 young (2048K), 1 survivors (2048K)
 Metaspace       used 63051K, committed 63872K, reserved 1114112K
  class space    used 7899K, committed 8256K, reserved 1048576K
}
Event: 1758.825 GC heap before
{Heap before GC invocations=25 (full 0):
 garbage-first heap   total 96256K, used 84277K [0x0000000703a00000, 0x0000000800000000)
  region size 2048K, 28 young (57344K), 1 survivors (2048K)
 Metaspace       used 63173K, committed 63936K, reserved 1114112K
  class space    used 7899K, committed 8256K, reserved 1048576K
}
Event: 1758.827 GC heap after
{Heap after GC invocations=26 (full 0):
 garbage-first heap   total 96256K, used 31470K [0x0000000703a00000, 0x0000000800000000)
  region size 2048K, 1 young (2048K), 1 survivors (2048K)
 Metaspace       used 63173K, committed 63936K, reserved 1114112K
  class space    used 7899K, committed 8256K, reserved 1048576K
}
Event: 1994.236 GC heap before
{Heap before GC invocations=27 (full 0):
 garbage-first heap   total 96256K, used 86766K [0x0000000703a00000, 0x0000000800000000)
  region size 2048K, 28 young (57344K), 1 survivors (2048K)
 Metaspace       used 63215K, committed 64000K, reserved 1114112K
  class space    used 7899K, committed 8256K, reserved 1048576K
}
Event: 1994.239 GC heap after
{Heap after GC invocations=28 (full 0):
 garbage-first heap   total 96256K, used 31568K [0x0000000703a00000, 0x0000000800000000)
  region size 2048K, 2 young (4096K), 2 survivors (4096K)
 Metaspace       used 63215K, committed 64000K, reserved 1114112K
  class space    used 7899K, committed 8256K, reserved 1048576K
}
Event: 2188.728 GC heap before
{Heap before GC invocations=28 (full 0):
 garbage-first heap   total 96256K, used 82768K [0x0000000703a00000, 0x0000000800000000)
  region size 2048K, 27 young (55296K), 2 survivors (4096K)
 Metaspace       used 63413K, committed 64192K, reserved 1114112K
  class space    used 7900K, committed 8256K, reserved 1048576K
}
Event: 2188.731 GC heap after
{Heap after GC invocations=29 (full 0):
 garbage-first heap   total 96256K, used 30722K [0x0000000703a00000, 0x0000000800000000)
  region size 2048K, 2 young (4096K), 2 survivors (4096K)
 Metaspace       used 63413K, committed 64192K, reserved 1114112K
  class space    used 7900K, committed 8256K, reserved 1048576K
}
Event: 2417.798 GC heap before
{Heap before GC invocations=29 (full 0):
 garbage-first heap   total 96256K, used 83970K [0x0000000703a00000, 0x0000000800000000)
  region size 2048K, 28 young (57344K), 2 survivors (4096K)
 Metaspace       used 63467K, committed 64256K, reserved 1114112K
  class space    used 7900K, committed 8256K, reserved 1048576K
}
Event: 2417.800 GC heap after
{Heap after GC invocations=30 (full 0):
 garbage-first heap   total 96256K, used 30721K [0x0000000703a00000, 0x0000000800000000)
  region size 2048K, 2 young (4096K), 2 survivors (4096K)
 Metaspace       used 63467K, committed 64256K, reserved 1114112K
  class space    used 7900K, committed 8256K, reserved 1048576K
}
Event: 2660.433 GC heap before
{Heap before GC invocations=31 (full 0):
 garbage-first heap   total 96256K, used 83969K [0x0000000703a00000, 0x0000000800000000)
  region size 2048K, 28 young (57344K), 2 survivors (4096K)
 Metaspace       used 63507K, committed 64320K, reserved 1114112K
  class space    used 7900K, committed 8256K, reserved 1048576K
}
Event: 2660.436 GC heap after
{Heap after GC invocations=32 (full 0):
 garbage-first heap   total 96256K, used 30693K [0x0000000703a00000, 0x0000000800000000)
  region size 2048K, 2 young (4096K), 2 survivors (4096K)
 Metaspace       used 63507K, committed 64320K, reserved 1114112K
  class space    used 7900K, committed 8256K, reserved 1048576K
}

Dll operation events (12 events):
Event: 0.015 Loaded shared library C:\Program Files\Java\jdk-21\bin\java.dll
Event: 0.039 Loaded shared library C:\Program Files\Java\jdk-21\bin\jsvml.dll
Event: 0.079 Loaded shared library C:\Program Files\Java\jdk-21\bin\zip.dll
Event: 0.083 Loaded shared library C:\Program Files\Java\jdk-21\bin\instrument.dll
Event: 0.086 Loaded shared library C:\Program Files\Java\jdk-21\bin\net.dll
Event: 0.087 Loaded shared library C:\Program Files\Java\jdk-21\bin\nio.dll
Event: 0.088 Loaded shared library C:\Program Files\Java\jdk-21\bin\zip.dll
Event: 0.171 Loaded shared library C:\Program Files\Java\jdk-21\bin\extnet.dll
Event: 0.192 Loaded shared library C:\Program Files\Java\jdk-21\bin\jimage.dll
Event: 0.325 Loaded shared library C:\Program Files\Java\jdk-21\bin\management.dll
Event: 0.328 Loaded shared library C:\Program Files\Java\jdk-21\bin\management_ext.dll
Event: 0.965 Loaded shared library C:\Program Files\Java\jdk-21\bin\sunmscapi.dll

Deoptimization events (20 events):
Event: 1488.905 Thread 0x0000021f7edb7490 Uncommon trap: trap_request=0xffffff45 fr.pc=0x0000021f6ce360ac relative=0x00000000000006ac
Event: 1488.905 Thread 0x0000021f7edb7490 Uncommon trap: reason=unstable_if action=reinterpret pc=0x0000021f6ce360ac method=java.util.WeakHashMap.remove(Ljava/lang/Object;)Ljava/lang/Object; @ 92 c2
Event: 1488.905 Thread 0x0000021f7edb7490 DEOPT PACKING pc=0x0000021f6ce360ac sp=0x000000b7e6cfec00
Event: 1488.905 Thread 0x0000021f7edb7490 DEOPT UNPACKING pc=0x0000021f6c5646a2 sp=0x000000b7e6cfebb0 mode 2
Event: 2749.556 Thread 0x0000021f481702b0 Uncommon trap: trap_request=0xffffff45 fr.pc=0x0000021f6cfdea50 relative=0x0000000000000ad0
Event: 2749.556 Thread 0x0000021f481702b0 Uncommon trap: reason=unstable_if action=reinterpret pc=0x0000021f6cfdea50 method=org.springframework.web.servlet.mvc.condition.PathPatternsRequestCondition.getMatchingPatterns(Lorg/springframework/http/server/PathContainer;)Ljava/util/SortedSet; @ 38 c2
Event: 2749.556 Thread 0x0000021f481702b0 DEOPT PACKING pc=0x0000021f6cfdea50 sp=0x000000b7eaefd6b0
Event: 2749.556 Thread 0x0000021f481702b0 DEOPT UNPACKING pc=0x0000021f6c5646a2 sp=0x000000b7eaefd610 mode 2
Event: 2749.557 Thread 0x0000021f4816f590 Uncommon trap: trap_request=0xffffff45 fr.pc=0x0000021f6ceeaed0 relative=0x0000000000000850
Event: 2749.557 Thread 0x0000021f4816f590 Uncommon trap: reason=unstable_if action=reinterpret pc=0x0000021f6ceeaed0 method=org.springframework.web.servlet.mvc.condition.PathPatternsRequestCondition.getMatchingPatterns(Lorg/springframework/http/server/PathContainer;)Ljava/util/SortedSet; @ 38 c2
Event: 2749.557 Thread 0x0000021f4816f590 DEOPT PACKING pc=0x0000021f6ceeaed0 sp=0x000000b7eacfd7c0
Event: 2749.557 Thread 0x0000021f4816f590 DEOPT UNPACKING pc=0x0000021f6c5646a2 sp=0x000000b7eacfd7a8 mode 2
Event: 2749.560 Thread 0x0000021f4816e1e0 Uncommon trap: trap_request=0xffffff45 fr.pc=0x0000021f6ccb4b0c relative=0x00000000000001cc
Event: 2749.560 Thread 0x0000021f4816e1e0 Uncommon trap: reason=unstable_if action=reinterpret pc=0x0000021f6ccb4b0c method=java.util.concurrent.locks.ReentrantReadWriteLock$Sync.tryAcquireShared(I)I @ 60 c2
Event: 2749.560 Thread 0x0000021f4816e1e0 DEOPT PACKING pc=0x0000021f6ccb4b0c sp=0x000000b7eb0faed0
Event: 2749.560 Thread 0x0000021f4816e1e0 DEOPT UNPACKING pc=0x0000021f6c5646a2 sp=0x000000b7eb0fadb0 mode 2
Event: 2749.560 Thread 0x0000021f4816fc20 Uncommon trap: trap_request=0xffffff45 fr.pc=0x0000021f6ccafc50 relative=0x0000000000000130
Event: 2749.560 Thread 0x0000021f4816fc20 Uncommon trap: reason=unstable_if action=reinterpret pc=0x0000021f6ccafc50 method=java.util.concurrent.locks.ReentrantReadWriteLock$Sync.tryReleaseShared(I)Z @ 134 c2
Event: 2749.560 Thread 0x0000021f4816fc20 DEOPT PACKING pc=0x0000021f6ccafc50 sp=0x000000b7eaffad20
Event: 2749.560 Thread 0x0000021f4816fc20 DEOPT UNPACKING pc=0x0000021f6c5646a2 sp=0x000000b7eaffacc8 mode 2

Classes loaded (20 events):
Event: 9.198 Loading class java/io/ObjectStreamClass$ClassDataSlot
Event: 9.198 Loading class java/io/ObjectStreamClass$ClassDataSlot done
Event: 9.198 Loading class java/io/ObjectInputStream$FieldValues
Event: 9.198 Loading class java/io/ObjectInputStream$GetField
Event: 9.198 Loading class java/io/ObjectInputStream$GetField done
Event: 9.198 Loading class java/io/ObjectInputStream$FieldValues done
Event: 9.198 Loading class java/io/ObjectStreamClass$ExceptionInfo
Event: 9.198 Loading class java/io/ObjectStreamClass$ExceptionInfo done
Event: 9.223 Loading class java/math/MathContext
Event: 9.223 Loading class java/math/MathContext done
Event: 9.330 Loading class java/util/concurrent/Flow$Publisher
Event: 9.330 Loading class java/util/concurrent/Flow$Publisher done
Event: 9.345 Loading class java/util/concurrent/ConcurrentLinkedQueue$Itr
Event: 9.345 Loading class java/util/concurrent/ConcurrentLinkedQueue$Itr done
Event: 9.370 Loading class sun/reflect/generics/repository/FieldRepository
Event: 9.370 Loading class sun/reflect/generics/repository/FieldRepository done
Event: 9.412 Loading class java/lang/constant/DynamicConstantDesc
Event: 9.413 Loading class java/lang/constant/DynamicConstantDesc done
Event: 514.203 Loading class java/util/ArrayList$SubList$2
Event: 514.203 Loading class java/util/ArrayList$SubList$2 done

Classes unloaded (11 events):
Event: 9.236 Thread 0x0000021f7cb04800 Unloading class 0x0000021f01548c00 'jdk/internal/reflect/GeneratedSerializationConstructorAccessor10'
Event: 9.236 Thread 0x0000021f7cb04800 Unloading class 0x0000021f01547000 'jdk/internal/reflect/GeneratedSerializationConstructorAccessor9'
Event: 9.236 Thread 0x0000021f7cb04800 Unloading class 0x0000021f01544400 'jdk/internal/reflect/GeneratedSerializationConstructorAccessor8'
Event: 9.236 Thread 0x0000021f7cb04800 Unloading class 0x0000021f01544000 'jdk/internal/reflect/GeneratedSerializationConstructorAccessor7'
Event: 9.236 Thread 0x0000021f7cb04800 Unloading class 0x0000021f0153fc00 'jdk/internal/reflect/GeneratedSerializationConstructorAccessor6'
Event: 9.236 Thread 0x0000021f7cb04800 Unloading class 0x0000021f0153f800 'jdk/internal/reflect/GeneratedSerializationConstructorAccessor5'
Event: 9.236 Thread 0x0000021f7cb04800 Unloading class 0x0000021f0153d800 'jdk/internal/reflect/GeneratedSerializationConstructorAccessor4'
Event: 9.236 Thread 0x0000021f7cb04800 Unloading class 0x0000021f0153d400 'jdk/internal/reflect/GeneratedSerializationConstructorAccessor3'
Event: 9.236 Thread 0x0000021f7cb04800 Unloading class 0x0000021f0153c000 'jdk/internal/reflect/GeneratedSerializationConstructorAccessor2'
Event: 9.236 Thread 0x0000021f7cb04800 Unloading class 0x0000021f01534800 'jdk/internal/reflect/GeneratedSerializationConstructorAccessor1'
Event: 610.701 Thread 0x0000021f7cb04800 Unloading class 0x0000021f0174c000 'java/lang/invoke/LambdaForm$MH+0x0000021f0174c000'

Classes redefined (0 events):
No events

Internal exceptions (20 events):
Event: 4.576 Thread 0x0000021f7d624d40 Exception <a 'java/lang/IncompatibleClassChangeError'{0x0000000706825f50}: Found class java.lang.Object, but interface was expected> (0x0000000706825f50) 
thrown [s\open\src\hotspot\share\interpreter\linkResolver.cpp, line 840]
Event: 4.592 Thread 0x0000021f7d624d40 Exception <a 'java/lang/IncompatibleClassChangeError'{0x0000000706971540}: Found class java.lang.Object, but interface was expected> (0x0000000706971540) 
thrown [s\open\src\hotspot\share\interpreter\linkResolver.cpp, line 840]
Event: 4.602 Thread 0x0000021f7d624d40 Exception <a 'java/lang/NoSuchMethodError'{0x00000007066528a0}: 'java.lang.Object java.lang.invoke.DirectMethodHandle$Holder.invokeVirtual(java.lang.Object, java.lang.Object, java.lang.Object, java.lang.Object, java.lang.Object, java.lang.Object, java.lang.Object)'> (0x00000007066528a0) 
thrown [s\open\src\hotspot\share\interpreter\linkResolver.cpp, line 773]
Event: 4.609 Thread 0x0000021f7d624d40 Exception <a 'java/lang/IncompatibleClassChangeError'{0x00000007066ee1e8}: Found class java.lang.Object, but interface was expected> (0x00000007066ee1e8) 
thrown [s\open\src\hotspot\share\interpreter\linkResolver.cpp, line 840]
Event: 4.698 Thread 0x0000021f7d624d40 Exception <a 'java/lang/NoSuchMethodError'{0x0000000706125f98}: 'java.lang.Object java.lang.invoke.DirectMethodHandle$Holder.newInvokeSpecial(java.lang.Object, java.lang.Object, int, java.lang.Object, java.lang.Object)'> (0x0000000706125f98) 
thrown [s\open\src\hotspot\share\interpreter\linkResolver.cpp, line 773]
Event: 9.031 Thread 0x0000021f4816ef00 Exception <a 'java/lang/NoSuchMethodError'{0x0000000710576fd0}: 'java.lang.Object java.lang.invoke.DirectMethodHandle$Holder.invokeStatic(java.lang.Object, java.lang.Object, java.lang.Object, int, int)'> (0x0000000710576fd0) 
thrown [s\open\src\hotspot\share\interpreter\linkResolver.cpp, line 773]
Event: 9.031 Thread 0x0000021f4816ef00 Exception <a 'java/lang/NoSuchMethodError'{0x000000071057a738}: 'java.lang.Object java.lang.invoke.DirectMethodHandle$Holder.invokeStaticInit(java.lang.Object, java.lang.Object, java.lang.Object, int, int)'> (0x000000071057a738) 
thrown [s\open\src\hotspot\share\interpreter\linkResolver.cpp, line 773]
Event: 9.048 Thread 0x0000021f4816db50 Exception <a 'java/lang/NoSuchMethodError'{0x00000007102d1d70}: 'java.lang.Object java.lang.invoke.DirectMethodHandle$Holder.invokeSpecial(java.lang.Object, java.lang.Object, java.lang.Object, java.lang.Object, java.lang.Object, long)'> (0x00000007102d1d70) 
thrown [s\open\src\hotspot\share\interpreter\linkResolver.cpp, line 773]
Event: 9.048 Thread 0x0000021f4816db50 Exception <a 'java/lang/NoSuchMethodError'{0x00000007102d54f8}: 'java.lang.Object java.lang.invoke.Invokers$Holder.linkToTargetMethod(java.lang.Object, java.lang.Object, java.lang.Object, long, java.lang.Object)'> (0x00000007102d54f8) 
thrown [s\open\src\hotspot\share\interpreter\linkResolver.cpp, line 773]
Event: 9.128 Thread 0x0000021f4816d4c0 Exception <a 'java/lang/NullPointerException'{0x000000070784ceb0}> (0x000000070784ceb0) 
thrown [s\open\src\hotspot\share\interpreter\linkResolver.cpp, line 1372]
Event: 9.128 Thread 0x0000021f481702b0 Exception <a 'java/lang/NullPointerException'{0x000000070783e7c8}> (0x000000070783e7c8) 
thrown [s\open\src\hotspot\share\interpreter\linkResolver.cpp, line 1372]
Event: 9.196 Thread 0x0000021f4816f590 Exception <a 'java/lang/NoSuchMethodError'{0x00000007075db5d8}: 'long java.lang.invoke.Invokers$Holder.invokeExact_MT(java.lang.Object, java.lang.Object)'> (0x00000007075db5d8) 
thrown [s\open\src\hotspot\share\interpreter\linkResolver.cpp, line 773]
Event: 9.217 Thread 0x0000021f4816f590 Exception <a 'java/lang/NoSuchMethodError'{0x0000000707144078}: 'void java.lang.invoke.DirectMethodHandle$Holder.invokeInterface(java.lang.Object, java.lang.Object, int, java.lang.Object)'> (0x0000000707144078) 
thrown [s\open\src\hotspot\share\interpreter\linkResolver.cpp, line 773]
Event: 9.218 Thread 0x0000021f4816f590 Exception <a 'java/lang/NoSuchMethodError'{0x0000000707148218}: 'void java.lang.invoke.DelegatingMethodHandle$Holder.reinvoke_L(java.lang.Object, java.lang.Object, int, java.lang.Object)'> (0x0000000707148218) 
thrown [s\open\src\hotspot\share\interpreter\linkResolver.cpp, line 773]
Event: 9.342 Thread 0x0000021f4816f590 Implicit null exception at 0x0000021f6cd05fa2 to 0x0000021f6cd063c0
Event: 9.342 Thread 0x0000021f4816f590 Implicit null exception at 0x0000021f6cef9b22 to 0x0000021f6cef9f34
Event: 9.348 Thread 0x0000021f4816f590 Exception <a 'java/lang/NoSuchMethodError'{0x0000000710335ae8}: 'java.lang.Object java.lang.invoke.DirectMethodHandle$Holder.invokeStatic(java.lang.Object, int, int)'> (0x0000000710335ae8) 
thrown [s\open\src\hotspot\share\interpreter\linkResolver.cpp, line 773]
Event: 9.357 Thread 0x0000021f4816f590 Exception <a 'java/lang/NoSuchMethodError'{0x000000071036a558}: 'java.lang.Object java.lang.invoke.DirectMethodHandle$Holder.newInvokeSpecial(java.lang.Object, java.lang.Object, java.lang.Object, java.lang.Object, java.lang.Object, java.lang.Object, java.lang.Object, java.lang.Object, java.lang.Object, java.lang.Object, java.lang.Object)'> (0x000000071036a558) 
thrown [s\open\src\hotspot\share\interpreter\linkResolver.cpp, line 773]
Event: 2749.564 Thread 0x0000021f4816fc20 Exception <a 'java/lang/NullPointerException'{0x0000000708048570}> (0x0000000708048570) 
thrown [s\open\src\hotspot\share\interpreter\linkResolver.cpp, line 1372]
Event: 2749.566 Thread 0x0000021f48172380 Exception <a 'java/lang/NullPointerException'{0x0000000708090bd0}> (0x0000000708090bd0) 
thrown [s\open\src\hotspot\share\interpreter\linkResolver.cpp, line 1372]

ZGC Phase Switch (0 events):
No events

VM Operations (20 events):
Event: 2359.444 Executing VM operation: Cleanup
Event: 2359.444 Executing VM operation: Cleanup done
Event: 2360.458 Executing VM operation: Cleanup
Event: 2360.458 Executing VM operation: Cleanup done
Event: 2417.798 Executing VM operation: G1CollectForAllocation (G1 Evacuation Pause)
Event: 2417.801 Executing VM operation: G1CollectForAllocation (G1 Evacuation Pause) done
Event: 2417.812 Executing VM operation: G1PauseRemark
Event: 2417.815 Executing VM operation: G1PauseRemark done
Event: 2417.820 Executing VM operation: G1PauseCleanup
Event: 2417.821 Executing VM operation: G1PauseCleanup done
Event: 2660.433 Executing VM operation: G1CollectForAllocation (G1 Evacuation Pause)
Event: 2660.436 Executing VM operation: G1CollectForAllocation (G1 Evacuation Pause) done
Event: 2718.646 Executing VM operation: Cleanup
Event: 2718.646 Executing VM operation: Cleanup done
Event: 2720.663 Executing VM operation: Cleanup
Event: 2720.663 Executing VM operation: Cleanup done
Event: 2721.663 Executing VM operation: Cleanup
Event: 2721.663 Executing VM operation: Cleanup done
Event: 2749.894 Executing VM operation: Cleanup
Event: 2749.894 Executing VM operation: Cleanup done

Events (20 events):
Event: 2417.815 Thread 0x0000021f7cb04800 flushing nmethod 0x0000021f659afe90
Event: 2417.815 Thread 0x0000021f7cb04800 flushing nmethod 0x0000021f653ccc90
Event: 2417.815 Thread 0x0000021f7cb04800 flushing nmethod 0x0000021f651e9f10
Event: 2417.815 Thread 0x0000021f7cb04800 flushing nmethod 0x0000021f654b9f90
Event: 2417.815 Thread 0x0000021f7cb04800 flushing nmethod 0x0000021f6552c510
Event: 2417.815 Thread 0x0000021f7cb04800 flushing nmethod 0x0000021f6552d490
Event: 2417.815 Thread 0x0000021f7cb04800 flushing nmethod 0x0000021f6557cf10
Event: 2417.815 Thread 0x0000021f7cb04800 flushing nmethod 0x0000021f655a2c90
Event: 2417.815 Thread 0x0000021f7cb04800 flushing nmethod 0x0000021f655b1510
Event: 2417.815 Thread 0x0000021f7cb04800 flushing nmethod 0x0000021f655b1e90
Event: 2417.815 Thread 0x0000021f7cb04800 flushing nmethod 0x0000021f655b2990
Event: 2417.815 Thread 0x0000021f7cb04800 flushing nmethod 0x0000021f65693690
Event: 2417.815 Thread 0x0000021f7cb04800 flushing nmethod 0x0000021f66000a90
Event: 2417.815 Thread 0x0000021f7cb04800 flushing nmethod 0x0000021f66007510
Event: 2720.972 Thread 0x0000021f467c9830 Thread added: 0x0000021f467c9830
Event: 2725.977 Thread 0x0000021f467c9830 Thread exited: 0x0000021f467c9830
Event: 2749.559 Thread 0x0000021f467c9f00 Thread added: 0x0000021f467c9f00
Event: 2749.563 Thread 0x0000021f467ca5d0 Thread added: 0x0000021f467ca5d0
Event: 2753.767 Thread 0x0000021f467ca5d0 Thread exited: 0x0000021f467ca5d0
Event: 2753.767 Thread 0x0000021f467c9f00 Thread exited: 0x0000021f467c9f00


Dynamic libraries:
0x00007ff723d20000 - 0x00007ff723d30000 	C:\Program Files\Java\jdk-21\bin\java.exe
0x00007fffbe420000 - 0x00007fffbe689000 	C:\Windows\SYSTEM32\ntdll.dll
0x00007fffbd850000 - 0x00007fffbd919000 	C:\Windows\System32\KERNEL32.DLL
0x00007fffbb790000 - 0x00007fffbbb83000 	C:\Windows\System32\KERNELBASE.dll
0x00007fffbb640000 - 0x00007fffbb78b000 	C:\Windows\System32\ucrtbase.dll
0x00007fffa6050000 - 0x00007fffa606b000 	C:\Program Files\Java\jdk-21\bin\VCRUNTIME140.dll
0x00007fffb6450000 - 0x00007fffb6469000 	C:\Program Files\Java\jdk-21\bin\jli.dll
0x00007fffbe210000 - 0x00007fffbe2c4000 	C:\Windows\System32\ADVAPI32.dll
0x00007fffbddb0000 - 0x00007fffbde59000 	C:\Windows\System32\msvcrt.dll
0x00007fffbc4d0000 - 0x00007fffbc576000 	C:\Windows\System32\sechost.dll
0x00007fffbc730000 - 0x00007fffbc848000 	C:\Windows\System32\RPCRT4.dll
0x00007fffbe040000 - 0x00007fffbe204000 	C:\Windows\System32\USER32.dll
0x00007fffbbe70000 - 0x00007fffbbe97000 	C:\Windows\System32\win32u.dll
0x00007fffbc1f0000 - 0x00007fffbc21b000 	C:\Windows\System32\GDI32.dll
0x00007fffa8260000 - 0x00007fffa84f3000 	C:\Windows\WinSxS\amd64_microsoft.windows.common-controls_6595b64144ccf1df_6.0.26100.5074_none_3e0d6f78e32fd63f\COMCTL32.dll
0x00007fffbc0c0000 - 0x00007fffbc1ed000 	C:\Windows\System32\gdi32full.dll
0x00007fffbbb90000 - 0x00007fffbbc33000 	C:\Windows\System32\msvcp_win.dll
0x00007fffb6420000 - 0x00007fffb642b000 	C:\Windows\SYSTEM32\VERSION.dll
0x00007fffbcd20000 - 0x00007fffbcd4f000 	C:\Windows\System32\IMM32.DLL
0x00007fffa6040000 - 0x00007fffa604c000 	C:\Program Files\Java\jdk-21\bin\vcruntime140_1.dll
0x00007fff9ec60000 - 0x00007fff9ecee000 	C:\Program Files\Java\jdk-21\bin\msvcp140.dll
0x00007fff34f40000 - 0x00007fff35c5d000 	C:\Program Files\Java\jdk-21\bin\server\jvm.dll
0x00007fffbc2a0000 - 0x00007fffbc314000 	C:\Windows\System32\WS2_32.dll
0x00007fffbafc0000 - 0x00007fffbb01e000 	C:\Windows\SYSTEM32\POWRPROF.dll
0x00007fffb2730000 - 0x00007fffb2765000 	C:\Windows\SYSTEM32\WINMM.dll
0x00007fffbafa0000 - 0x00007fffbafb4000 	C:\Windows\SYSTEM32\UMPDC.dll
0x00007fffba350000 - 0x00007fffba36b000 	C:\Windows\SYSTEM32\kernel.appcore.dll
0x00007fffa6030000 - 0x00007fffa603a000 	C:\Program Files\Java\jdk-21\bin\jimage.dll
0x00007fffaab20000 - 0x00007fffaad62000 	C:\Windows\SYSTEM32\DBGHELP.DLL
0x00007fffbcd60000 - 0x00007fffbd0db000 	C:\Windows\System32\combase.dll
0x00007fffbca90000 - 0x00007fffbcb67000 	C:\Windows\System32\OLEAUT32.dll
0x00007fffa3f70000 - 0x00007fffa3fad000 	C:\Windows\SYSTEM32\dbgcore.DLL
0x00007fffbc020000 - 0x00007fffbc0b9000 	C:\Windows\System32\bcryptPrimitives.dll
0x00007fffa8b30000 - 0x00007fffa8b3f000 	C:\Program Files\Java\jdk-21\bin\instrument.dll
0x00007fff9ec30000 - 0x00007fff9ec4f000 	C:\Program Files\Java\jdk-21\bin\java.dll
0x00007fffbd0f0000 - 0x00007fffbd83d000 	C:\Windows\System32\SHELL32.dll
0x00007fffbbc40000 - 0x00007fffbbdac000 	C:\Windows\System32\wintypes.dll
0x00007fffb91f0000 - 0x00007fffb9a49000 	C:\Windows\SYSTEM32\windows.storage.dll
0x00007fffbc380000 - 0x00007fffbc470000 	C:\Windows\System32\SHCORE.dll
0x00007fffbca20000 - 0x00007fffbca82000 	C:\Windows\System32\shlwapi.dll
0x00007fffbb4d0000 - 0x00007fffbb4f9000 	C:\Windows\SYSTEM32\profapi.dll
0x00007fff80b00000 - 0x00007fff80bd7000 	C:\Program Files\Java\jdk-21\bin\jsvml.dll
0x00007fff9dbd0000 - 0x00007fff9dbe8000 	C:\Program Files\Java\jdk-21\bin\zip.dll
0x00007fff9ec20000 - 0x00007fff9ec30000 	C:\Program Files\Java\jdk-21\bin\net.dll
0x00007fffb5750000 - 0x00007fffb586f000 	C:\Windows\SYSTEM32\WINHTTP.dll
0x00007fffba8b0000 - 0x00007fffba91b000 	C:\Windows\system32\mswsock.dll
0x00007fff9ebd0000 - 0x00007fff9ebe6000 	C:\Program Files\Java\jdk-21\bin\nio.dll
0x00007fff9dbc0000 - 0x00007fff9dbc9000 	C:\Program Files\Java\jdk-21\bin\extnet.dll
0x00007fff9dbb0000 - 0x00007fff9dbba000 	C:\Program Files\Java\jdk-21\bin\management.dll
0x00007fff99360000 - 0x00007fff9936b000 	C:\Program Files\Java\jdk-21\bin\management_ext.dll
0x00007fffbd840000 - 0x00007fffbd848000 	C:\Windows\System32\PSAPI.DLL
0x00007fff9ebc0000 - 0x00007fff9ebce000 	C:\Program Files\Java\jdk-21\bin\sunmscapi.dll
0x00007fffbbea0000 - 0x00007fffbc017000 	C:\Windows\System32\CRYPT32.dll
0x00007fffbae40000 - 0x00007fffbae70000 	C:\Windows\SYSTEM32\ncrypt.dll
0x00007fffbadf0000 - 0x00007fffbae2f000 	C:\Windows\SYSTEM32\NTASN1.dll
0x00007fffbac80000 - 0x00007fffbac9b000 	C:\Windows\SYSTEM32\CRYPTSP.dll
0x00007fffba2b0000 - 0x00007fffba2eb000 	C:\Windows\system32\rsaenh.dll
0x00007fffba950000 - 0x00007fffba97b000 	C:\Windows\SYSTEM32\USERENV.dll
0x00007fffbb4a0000 - 0x00007fffbb4c6000 	C:\Windows\SYSTEM32\bcrypt.dll
0x00007fffbaae0000 - 0x00007fffbaaec000 	C:\Windows\SYSTEM32\CRYPTBASE.dll
0x00007fffb9d50000 - 0x00007fffb9d84000 	C:\Windows\SYSTEM32\IPHLPAPI.DLL
0x00007fffbd0e0000 - 0x00007fffbd0ea000 	C:\Windows\System32\NSI.dll
0x00007fffa2b00000 - 0x00007fffa2b18000 	C:\Windows\system32\napinsp.dll
0x00007fffb9d90000 - 0x00007fffb9eb6000 	C:\Windows\SYSTEM32\DNSAPI.dll
0x00007fffa29d0000 - 0x00007fffa29e2000 	C:\Windows\System32\winrnr.dll
0x00007fffa29a0000 - 0x00007fffa29c8000 	C:\Windows\system32\nlansp_c.dll
0x00007fffa2810000 - 0x00007fffa2826000 	C:\Windows\system32\wshbth.dll
0x00007fffb2440000 - 0x00007fffb244b000 	C:\Windows\System32\rasadhlp.dll
0x00007fffb3260000 - 0x00007fffb32e6000 	C:\Windows\System32\fwpuclnt.dll
0x00007fffa0a50000 - 0x00007fffa0a58000 	C:\Windows\system32\wshunix.dll

dbghelp: loaded successfully - version: 4.0.5 - missing functions: none
symbol engine: initialized successfully - sym options: 0x614 - pdb path: .;C:\Program Files\Java\jdk-21\bin;C:\Windows\SYSTEM32;C:\Windows\WinSxS\amd64_microsoft.windows.common-controls_6595b64144ccf1df_6.0.26100.5074_none_3e0d6f78e32fd63f;C:\Program Files\Java\jdk-21\bin\server

VM Arguments:
jvm_args: -javaagent:C:\Program Files\JetBrains\IntelliJ IDEA Community Edition 2025.2\lib\idea_rt.jar=63182 -Dfile.encoding=UTF-8 -Dsun.stdout.encoding=UTF-8 -Dsun.stderr.encoding=UTF-8 
java_command: com.example.funding.FundingApplication
java_class_path (initial): D:\Funding-B\out\production\classes;D:\Funding-B\out\production\resources;C:\Users\Student\.gradle\caches\modules-2\files-2.1\org.springframework.boot\spring-boot-starter-data-jdbc\3.5.5\36208f6589f200bde32e97da2596754dfc4eb29f\spring-boot-starter-data-jdbc-3.5.5.jar;C:\Users\Student\.gradle\caches\modules-2\files-2.1\org.springframework.boot\spring-boot-starter-security\3.5.5\d46f4927ef806fbbb509da0fbeabc9274163ef4c\spring-boot-starter-security-3.5.5.jar;C:\Users\Student\.gradle\caches\modules-2\files-2.1\org.springframework.boot\spring-boot-starter-validation\3.5.5\5510bd155652ef231976f1ff1ca1bb1d9698829c\spring-boot-starter-validation-3.5.5.jar;C:\Users\Student\.gradle\caches\modules-2\files-2.1\org.springframework.boot\spring-boot-starter-web\3.5.5\b9039cd5aa1feda2cfbd487233e343f66627f78f\spring-boot-starter-web-3.5.5.jar;C:\Users\Student\.gradle\caches\modules-2\files-2.1\org.mybatis.spring.boot\mybatis-spring-boot-starter\3.0.5\91c44db6926ba623231866909e63d29e156a6c70\mybatis-spring-boot-starter-3.0.5.jar;C:\Users\Student\.gradle\caches\modules-2\files-2.1\io.jsonwebtoken\jjwt-api\0.13.0\ce631a0342b08953355f333b488d2b03445b9f3e\jjwt-api-0.13.0.jar;C:\Users\Student\.gradle\caches\modules-2\files-2.1\org.springframework.boot\spring-boot-starter-jdbc\3.5.5\25ab9d086e35f606ea0147b10defdd1c8be3f25\spring-boot-starter-jdbc-3.5.5.jar;C:\Users\Student\.gradle\caches\modules-2\files-2.1\org.springframework.data\spring-data-jdbc\3.5.3\22c5d51a47df6e49db65fd2c1b9ccaede270c\spring-data-jdbc-3.5.3.jar;C:\Users\Student\.gradle\caches\modules-2\files-2.1\org.springframework.boot\spring-boot-starter\3.5.5\f0e27ab73519ebebfc72c9b16ccde342cc9f599d\spring-boot-starter-3.5.5.jar;C:\Users\Student\.gradle\caches\modules-2\files-2.1\org.springframework.security\spring-security-config\6.5.3\3f6b50fd0d0bd61dc1bc4e49c055b6995c47c2a3\spring-security-config-6.5.3.jar;C:\Users\Student\.gradle\caches\modules-2\files-2.1\org.springframework.security\spring-security-web\6.5.3\29e50540ef987241f13ece8aa4297c524cdca5ed\spring-security-web-6.5.3.jar;C:\Users\Student\.gradle\caches\modules-2\files-2.1\org.springframework\spring-aop\6.2.10\2b194c29deaadb71a8a8e5b8b41d9521c29a0d66\spring-aop-6.2.10.jar;C:\Users\Student\.gradle\caches\modules-2\files-2.1\org.apache.tomcat.embed\tomcat-embed-el\10.1.44\6ee7685651c5eba1f4bef99f9dbb38b89d1a6cb6\tomcat-embed-el-10.1.44.jar;C:\Users\Student\.gradle\caches\modules-2\files-2.1\org.hibernate.validator\hibernate-validator\8.0.3.Final\4425f554297a1c5ba03a3f30e559a9fd91048cf8\hibernate-validator-8.0.3.Final.jar;C:\Users\Student\.gradle\caches\modules-2\files-2.1\org.springframework.boot\spring-boot-starter-json\3.5.5\316736898ceac2a806e08e981ea059c78b982383\spring-boot-starter-json-3.5.5.jar;C:\Users\Student\.gradle\caches\modules-2\files-2.1\org.springframework\spring-webmvc\6.2.10\d3491aedc2636378cd273f6266d49f43a8b3e241\spring-webmvc-6.2.10.jar;C:\Users\Student\.gradle\caches\modules-2\files-2.1\org.springframework.boot\spring-boot-starter-tomcat\3.5.5\c1342d34e6eeee72d98675d413ae2e925ea22852\spring-boot-starter-tomcat-3.5.5.jar;C:\Users\Student\.gradle\caches\modules-2\files-2.1\org.springframework\spring-web\6.2.10\38c2f6633a44b385b6263294c38e5a4f217c005c\spring-web-6.2.10.jar;C:\Users\Student\.gradle\caches\modules-2\files-2.1\org.mybatis.spring.boot\mybatis-spring-boot-autoconfigure\3.0.5\efa25788216b34f773a6af6d0c544512ae796fd6\mybatis-spring-boot-autoconfigure-3.0.5.jar;C:\Users\Student\.gradle\caches\modules-2\files-2.1\org.mybatis\mybatis\3.5.19\79b20d963e38e66f41431ea49bc22f7cce718142\mybatis-3.5.19.jar;C:\Users\Student\.gradle\caches\modules-2\files-2.1\org.mybatis\mybatis-spring\3.0.5\8718fbef43de30ce121669245143dbc1b5400083\mybatis-spring-3.0.5.jar;C:\Users\Student\.gradle\caches\modules-2\files-2.1\com.zaxxer\HikariCP\6.3.2\d09ad7d252c2a8daaa99ed5f3b0d54f95b9b344\HikariCP-6.3.2.jar;C:\Users\Student\.gradle\caches\modules-2\files-2.1\org.springframework\spring-jdbc\6.2.10\4514e36bf0880464b9b55ecf0ea6ebd7362b664\spring-jdbc-6.2.10.jar;C:\Users\Student\.gradle\caches\modules-2\files-2.1\org.springframework.data\spring-data-relational\3.5.3\f09f50933e704730aab1d863cdb61c872a43a311\spring-data-relational-3.5.3.jar;C:\Users\Student\.gradle\caches\modules-2\files-2.1\org.springframework\spring-context\6.2.10\80464a79539a19a00e32eccb041670f34857fe7\spring-context-6.2.10.jar;C:\Users\Student\.gradle\caches\modules-2\files-2.1\org.springframework.data\spring-data-commons\3.5.3\886e56cfc383f757f057901dc7c448d8dcc73fed\spring-data-commons-3.5.3.jar;C:\Users\Student\.gradle\caches\modules-2\files-2.1\org.springframework\spring-tx\6.2.10\bd4915d9862f127b45bae75195622d84f36a5373\spring-tx-6.2.10.jar;C:\Users\Student\.gradle\caches\modules-2\files-2.1\org.springframework\spring-beans\6.2.10\88ffda89593a74bb356a96ea2ed235ec6e083cfa\spring-beans-6.2.10.jar;C:\Users\Student\.gradle\caches\modules-2\files-2.1\org.springframework\spring-core\6.2.10\82d9c797f9147b643ac0aab8a1a40e96f8d8a737\spring-core-6.2.10.jar;C:\Users\Student\.gradle\caches\modules-2\files-2.1\org.slf4j\slf4j-api\2.0.17\d9e58ac9c7779ba3bf8142aff6c830617a7fe60f\slf4j-api-2.0.17.jar;C:\Users\Student\.gradle\caches\modules-2\files-2.1\org.springframework.boot\spring-boot-autoconfigure\3.5.5\348f4fb99d61a1ea039a44ec667b61657adb54b2\spring-boot-autoconfigure-3.5.5.jar;C:\Users\Student\.gradle\caches\modules-2\files-2.1\org.springframework.boot\spring-boot\3.5.5\7d50b76ea4905d6c61fea5cb6556bc735c55da1\spring-boot-3.5.5.jar;C:\Users\Student\.gradle\caches\modules-2\files-2.1\org.springframework.boot\spring-boot-starter-logging\3.5.5\981750c503485e442e37b7cac1dc19c5ddfc6d58\spring-boot-starter-logging-3.5.5.jar;C:\Users\Student\.gradle\caches\modules-2\files-2.1\jakarta.annotation\jakarta.annotation-api\2.1.1\48b9bda22b091b1f48b13af03fe36db3be6e1ae3\jakarta.annotation-api-2.1.1.jar;C:\Users\Student\.gradle\caches\modules-2\files-2.1\org.yaml\snakeyaml\2.4\e0666b825b796f85521f02360e77f4c92c5a7a07\snakeyaml-2.4.jar;C:\Users\Student\.gradle\caches\modules-2\files-2.1\org.springframework.security\spring-security-core\6.5.3\1f526b23fad4f4db5c8cc1c30eed7abb82d32702\spring-security-core-6.5.3.jar;C:\Users\Student\.gradle\caches\modules-2\files-2.1\org.springframework\spring-expression\6.2.10\16bdfead8a73673e395441c14b1868a128fc87c2\spring-expression-6.2.10.jar;C:\Users\Student\.gradle\caches\modules-2\files-2.1\jakarta.validation\jakarta.validation-api\3.0.2\92b6631659ba35ca09e44874d3eb936edfeee532\jakarta.validation-api-3.0.2.jar;C:\Users\Student\.gradle\caches\modules-2\files-2.1\org.jboss.logging\jboss-logging\3.6.1.Final\886afbb445b4016a37c8960a7aef6ebd769ce7e5\jboss-logging-3.6.1.Final.jar;C:\Users\Student\.gradle\caches\modules-2\files-2.1\com.fasterxml\classmate\1.7.0\e98374da1f2143ac8e6e0a95036994bb19137a3\classmate-1.7.0.jar;C:\Users\Student\.gradle\caches\modules-2\files-2.1\com.fasterxml.jackson.datatype\jackson-datatype-jsr310\2.19.2\72e73f048b36d9df82aef146bf8b2ae63b2e28e2\jackson-datatype-jsr310-2.19.2.jar;C:\Users\Student\.gradle\caches\modules-2\files-2.1\com.fasterxml.jackson.module\jackson-module-parameter-names\2.19.2\3c4ce467c11364c72ec4967c570fd5a2d1be1d0b\jackson-module-parameter-names-2.19.2.jar;C:\Users\Student\.gradle\caches\modules-2\files-2.1\com.fasterxml.jackson.datatype\jackson-datatype-jdk8\2.19.2\a720d3946c3a1ab04b780f3b3163d62eee6948a0\jackson-datatype-jdk8-2.19.2.jar;C:\Users\Student\.gradle\caches\modules-2\files-2.1\com.fasterxml.jackson.core\jackson-databind\2.19.2\46509399d28f57ca32c6bb4b0d4e10e8f062051e\jackson-databind-2.19.2.jar;C:\Users\Student\.gradle\caches\modules-2\files-2.1\org.apache.tomcat.embed\tomcat-embed-websocket\10.1.44\1966a8224858c4b4480469bfcdcaa3f8faf59cc7\tomcat-embed-websocket-10.1.44.jar;C:\Users\Student\.gradle\caches\modules-2\files-2.1\org.apache.tomcat.embed\tomcat-embed-core\10.1.44\5e18d00936ca925c9249f1a8e77c0e8adf1d6287\tomcat-embed-core-10.1.44.jar;C:\Users\Student\.gradle\caches\modules-2\files-2.1\io.micrometer\micrometer-observation\1.15.3\e95d07e329f6d3ecb15a6ba1c5d96c25b9df0a97\micrometer-observation-1.15.3.jar;C:\Users\Student\.gradle\caches\modules-2\files-2.1\org.springframework\spring-jcl\6.2.10\9ff7e998fe11d991f6b7fd000a0c6583c9e6ffee\spring-jcl-6.2.10.jar;C:\Users\Student\.gradle\caches\modules-2\files-2.1\ch.qos.logback\logback-classic\1.5.18\fc371f3fc97a639de2d67947cffb7518ec5e3d40\logback-classic-1.5.18.jar;C:\Users\Student\.gradle\caches\modules-2\files-2.1\org.apache.logging.log4j\log4j-to-slf4j\2.24.3\da1143e2a2531ee1c2d90baa98eb50a28a39d5a7\log4j-to-slf4j-2.24.3.jar;C:\Users\Student\.gradle\caches\modules-2\files-2.1\org.slf4j\jul-to-slf4j\2.0.17\524cb6ccc2b68a57604750e1ab8b13b5a786a6aa\jul-to-slf4j-2.0.17.jar;C:\Users\Student\.gradle\caches\modules-2\files-2.1\org.springframework.security\spring-security-crypto\6.5.3\b120779667b42a1a412aa0e4426dfab5287f2d5a\spring-security-crypto-6.5.3.jar;C:\Users\Student\.gradle\caches\modules-2\files-2.1\com.fasterxml.jackson.core\jackson-annotations\2.19.2\c5381f11988ae3d424b197a26087d86067b6d7d\jackson-annotations-2.19.2.jar;C:\Users\Student\.gradle\caches\modules-2\files-2.1\com.fasterxml.jackson.core\jackson-core\2.19.2\50f3b4bd59b9ff51a0ed493e7b5abaf5c39709bf\jackson-core-2.19.2.jar;C:\Users\Student\.gradle\caches\modules-2\files-2.1\io.micrometer\micrometer-commons\1.15.3\3a97060d64a54daa11f14365aebc559fa8820281\micrometer-commons-1.15.3.jar;C:\Users\Student\.gradle\caches\modules-2\files-2.1\ch.qos.logback\logback-core\1.5.18\6c0375624f6f36b4e089e2488ba21334a11ef13f\logback-core-1.5.18.jar;C:\Users\Student\.gradle\caches\modules-2\files-2.1\org.apache.logging.log4j\log4j-api\2.24.3\b02c125db8b6d295adf72ae6e71af5d83bce2370\log4j-api-2.24.3.jar;C:\Users\Student\.gradle\caches\modules-2\files-2.1\org.springframework.boot\spring-boot-devtools\3.5.5\44910edfe0372607eb82abe80eb52699627ec85a\spring-boot-devtools-3.5.5.jar;C:\Users\Student\.gradle\caches\modules-2\files-2.1\io.jsonwebtoken\jjwt-impl\0.13.0\9e7c70dd7014909556755fb01c465dd184b4b1d9\jjwt-impl-0.13.0.jar;C:\Users\Student\.gradle\caches\modules-2\files-2.1\io.jsonwebtoken\jjwt-jackson\0.13.0\cfe37531887657716ec20b5ef22f22b32e8bf4a8\jjwt-jackson-0.13.0.jar;C:\Users\Student\.gradle\caches\modules-2\files-2.1\com.oracle.database.jdbc\ojdbc11\23.7.0.25.01\665f52abef9122ce003b5cfc1d9d44f7302e2cfe\ojdbc11-23.7.0.25.01.jar
Launcher Type: SUN_STANDARD

[Global flags]
     intx CICompilerCount                          = 12                                        {product} {ergonomic}
     uint ConcGCThreads                            = 4                                         {product} {ergonomic}
     uint G1ConcRefinementThreads                  = 15                                        {product} {ergonomic}
   size_t G1HeapRegionSize                         = 2097152                                   {product} {ergonomic}
    uintx GCDrainStackTargetSize                   = 64                                        {product} {ergonomic}
   size_t InitialHeapSize                          = 266338304                                 {product} {ergonomic}
   size_t MarkStackSize                            = 4194304                                   {product} {ergonomic}
   size_t MaxHeapSize                              = 4234149888                                {product} {ergonomic}
   size_t MaxNewSize                               = 2539651072                                {product} {ergonomic}
   size_t MinHeapDeltaBytes                        = 2097152                                   {product} {ergonomic}
   size_t MinHeapSize                              = 8388608                                   {product} {ergonomic}
    uintx NonNMethodCodeHeapSize                   = 7602480                                {pd product} {ergonomic}
    uintx NonProfiledCodeHeapSize                  = 122027880                              {pd product} {ergonomic}
    uintx ProfiledCodeHeapSize                     = 122027880                              {pd product} {ergonomic}
    uintx ReservedCodeCacheSize                    = 251658240                              {pd product} {ergonomic}
     bool SegmentedCodeCache                       = true                                      {product} {ergonomic}
   size_t SoftMaxHeapSize                          = 4234149888                             {manageable} {ergonomic}
     bool UseCompressedOops                        = true                           {product lp64_product} {ergonomic}
     bool UseG1GC                                  = true                                      {product} {ergonomic}
     bool UseLargePagesIndividualAllocation        = false                                  {pd product} {ergonomic}

Logging:
Log output configuration:
 #0: stdout all=warning uptime,level,tags foldmultilines=false
 #1: stderr all=off uptime,level,tags foldmultilines=false

Environment Variables:
PATH=C:\Python313\Scripts\;C:\Python313\;C:\oraclexe\app\oracle\product\11.2.0\server\bin;C:\Program Files\Common Files\Oracle\Java\javapath;C:\Windows\system32;C:\Windows;C:\Windows\System32\Wbem;C:\Windows\System32\WindowsPowerShell\v1.0\;C:\Windows\System32\OpenSSH\;C:\Program Files\Bandizip\;C:\Program Files\nodejs\;C:\ProgramData\chocolatey\bin;C:\Program Files\Git\cmd;C:\Users\Student\AppData\Local\Microsoft\WindowsApps;C:\Users\Student\AppData\Roaming\npm;C:\Users\Student\AppData\Local\Programs\Microsoft VS Code\bin
USERNAME=Student
OS=Windows_NT
PROCESSOR_IDENTIFIER=Intel64 Family 6 Model 151 Stepping 2, GenuineIntel
TMP=C:\Users\Student\AppData\Local\Temp
TEMP=C:\Users\Student\AppData\Local\Temp




Periodic native trim disabled

---------------  S Y S T E M  ---------------

OS:
 Windows 11 , 64 bit Build 26100 (10.0.26100.5074)
OS uptime: 9 days 1:49 hours
Hyper-V role detected

CPU: total 20 (initial active 20) (10 cores per cpu, 2 threads per core) family 6 model 151 stepping 2 microcode 0x23, cx8, cmov, fxsr, ht, mmx, 3dnowpref, sse, sse2, sse3, ssse3, sse4.1, sse4.2, popcnt, lzcnt, tsc, tscinvbit, avx, avx2, aes, erms, clmul, bmi1, bmi2, adx, sha, fma, vzeroupper, clflush, clflushopt, clwb, hv, serialize, rdtscp, rdpid, fsrm, f16c, cet_ibt, cet_ss
Processor Information for processor 0
  Max Mhz: 2100, Current Mhz: 2100, Mhz Limit: 2100
Processor Information for processor 1
  Max Mhz: 2100, Current Mhz: 2100, Mhz Limit: 2100
Processor Information for processor 2
  Max Mhz: 2100, Current Mhz: 2100, Mhz Limit: 2100
Processor Information for processor 3
  Max Mhz: 2100, Current Mhz: 2100, Mhz Limit: 2100
Processor Information for processor 4
  Max Mhz: 2100, Current Mhz: 2100, Mhz Limit: 2100
Processor Information for processor 5
  Max Mhz: 2100, Current Mhz: 2100, Mhz Limit: 2100
Processor Information for processor 6
  Max Mhz: 2100, Current Mhz: 2100, Mhz Limit: 2100
Processor Information for processor 7
  Max Mhz: 2100, Current Mhz: 2100, Mhz Limit: 2100
Processor Information for processor 8
  Max Mhz: 2100, Current Mhz: 2100, Mhz Limit: 2100
Processor Information for processor 9
  Max Mhz: 2100, Current Mhz: 2100, Mhz Limit: 2100
Processor Information for processor 10
  Max Mhz: 2100, Current Mhz: 2100, Mhz Limit: 2100
Processor Information for processor 11
  Max Mhz: 2100, Current Mhz: 2100, Mhz Limit: 2100
Processor Information for processor 12
  Max Mhz: 2100, Current Mhz: 2100, Mhz Limit: 2100
Processor Information for processor 13
  Max Mhz: 2100, Current Mhz: 2100, Mhz Limit: 2100
Processor Information for processor 14
  Max Mhz: 2100, Current Mhz: 2100, Mhz Limit: 2100
Processor Information for processor 15
  Max Mhz: 2100, Current Mhz: 2100, Mhz Limit: 2100
Processor Information for processor 16
  Max Mhz: 2100, Current Mhz: 1600, Mhz Limit: 1596
Processor Information for processor 17
  Max Mhz: 2100, Current Mhz: 1600, Mhz Limit: 1596
Processor Information for processor 18
  Max Mhz: 2100, Current Mhz: 1600, Mhz Limit: 1596
Processor Information for processor 19
  Max Mhz: 2100, Current Mhz: 1600, Mhz Limit: 1596

Memory: 4k page, system-wide physical 16147M (3929M free)
TotalPageFile size 65299M (AvailPageFile size 7M)
current process WorkingSet (physical memory assigned to process): 228M, peak: 318M
current process commit charge ("private bytes"): 317M, peak: 419M

vm_info: Java HotSpot(TM) 64-Bit Server VM (21.0.8+12-LTS-250) for windows-amd64 JRE (21.0.8+12-LTS-250), built on 2025-06-27T08:11:22Z by "mach5one" with MS VC++ 17.6 (VS2022)

END.
